#
# There is insufficient memory for the Java Runtime Environment to continue.
# Native memory allocation (malloc) failed to allocate 1797776 bytes for Chunk::new
# Possible reasons:
#   The system is out of physical RAM or swap space
#   In 32 bit mode, the process size limit was hit
# Possible solutions:
#   Reduce memory load on the system
#   Increase physical memory or swap space
#   Check if swap backing store is full
#   Use 64 bit Java on a 64 bit OS
#   Decrease Java heap size (-Xmx/-Xms)
#   Decrease number of Java threads
#   Decrease Java thread stack sizes (-Xss)
#   Set larger code cache with -XX:ReservedCodeCacheSize=
# This output file may be truncated or incomplete.
#
#  Out of Memory Error (allocation.cpp:390), pid=13788, tid=13876
#
# JRE version: Java(TM) SE Runtime Environment (8.0_73-b02) (build 1.8.0_73-b02)
# Java VM: Java HotSpot(TM) 64-Bit Server VM (25.73-b02 mixed mode windows-amd64 compressed oops)
# Failed to write core dump. Minidumps are not enabled by default on client versions of Windows
#

---------------  T H R E A D  ---------------

Current thread (0x0000000017ccb000):  JavaThread "C2 CompilerThread1" daemon [_thread_in_native, id=13876, stack(0x00000000183a0000,0x00000000184a0000)]

Stack: [0x00000000183a0000,0x00000000184a0000]
[error occurred during error reporting (printing stack bounds), id 0xc0000005]

Native frames: (J=compiled Java code, j=interpreted, Vv=VM code, C=native code)


Current CompileTask:
C2:   5782 1558   !   4       com.android.dx.cf.code.BytecodeArray::parseInstruction (2764 bytes)


---------------  P R O C E S S  ---------------

Java Threads: ( => current thread )
  0x0000000017f88800 JavaThread "pool-1-thread-4" [_thread_in_Java, id=13764, stack(0x00000000194a0000,0x00000000195a0000)]
  0x0000000017f88000 JavaThread "pool-1-thread-3" [_thread_in_Java, id=12124, stack(0x00000000193a0000,0x00000000194a0000)]
  0x0000000018001800 JavaThread "pool-1-thread-2" [_thread_in_Java, id=14080, stack(0x00000000192a0000,0x00000000193a0000)]
  0x0000000018000800 JavaThread "pool-2-thread-1" [_thread_blocked, id=14160, stack(0x00000000191a0000,0x00000000192a0000)]
  0x0000000018008800 JavaThread "pool-1-thread-1" [_thread_in_Java, id=6680, stack(0x00000000190a0000,0x00000000191a0000)]
  0x0000000017d46000 JavaThread "Service Thread" daemon [_thread_blocked, id=13464, stack(0x00000000186a0000,0x00000000187a0000)]
  0x0000000017d37800 JavaThread "C1 CompilerThread3" daemon [_thread_in_native, id=5448, stack(0x00000000185a0000,0x00000000186a0000)]
  0x0000000017ccd800 JavaThread "C2 CompilerThread2" daemon [_thread_in_native, id=12732, stack(0x00000000184a0000,0x00000000185a0000)]
=>0x0000000017ccb000 JavaThread "C2 CompilerThread1" daemon [_thread_in_native, id=13876, stack(0x00000000183a0000,0x00000000184a0000)]
  0x0000000017cc8000 JavaThread "C2 CompilerThread0" daemon [_thread_in_native, id=11800, stack(0x00000000182a0000,0x00000000183a0000)]
  0x0000000017cc5000 JavaThread "Attach Listener" daemon [_thread_blocked, id=6712, stack(0x00000000181a0000,0x00000000182a0000)]
  0x0000000017cc4800 JavaThread "Signal Dispatcher" daemon [_thread_blocked, id=13992, stack(0x00000000180a0000,0x00000000181a0000)]
  0x0000000002e7a000 JavaThread "Finalizer" daemon [_thread_blocked, id=12588, stack(0x0000000017880000,0x0000000017980000)]
  0x000000001599d000 JavaThread "Reference Handler" daemon [_thread_blocked, id=13852, stack(0x0000000017780000,0x0000000017880000)]
  0x0000000002d81000 JavaThread "main" [_thread_in_Java, id=13768, stack(0x0000000002900000,0x0000000002a00000)]

Other Threads:
  0x0000000015999800 VMThread [stack: 0x0000000017680000,0x0000000017780000] [id=8816]
  0x0000000017d49800 WatcherThread [stack: 0x00000000187a0000,0x00000000188a0000] [id=4556]

VM state:not at safepoint (normal execution)

VM Mutex/Monitor currently owned by a thread: None

Heap:
 PSYoungGen      total 71680K, used 37376K [0x00000000eab00000, 0x00000000ef600000, 0x0000000100000000)
  eden space 66560K, 48% used [0x00000000eab00000,0x00000000eca883c0,0x00000000eec00000)
  from space 5120K, 99% used [0x00000000ef100000,0x00000000ef5f8028,0x00000000ef600000)
  to   space 5120K, 0% used [0x00000000eec00000,0x00000000eec00000,0x00000000ef100000)
 ParOldGen       total 87552K, used 4585K [0x00000000c0000000, 0x00000000c5580000, 0x00000000eab00000)
  object space 87552K, 5% used [0x00000000c0000000,0x00000000c047a408,0x00000000c5580000)
 Metaspace       used 6237K, capacity 7088K, committed 7296K, reserved 1056768K
  class space    used 602K, capacity 616K, committed 640K, reserved 1048576K

Card table byte_map: [0x0000000012240000,0x0000000012450000] byte_map_base: 0x0000000011c40000

Marking Bits: (ParMarkBitMap*) 0x0000000076660600
 Begin Bits: [0x0000000012db0000, 0x0000000013db0000)
 End Bits:   [0x0000000013db0000, 0x0000000014db0000)

Polling page: 0x0000000002800000

CodeCache: size=245760Kb used=6855Kb max_used=6887Kb free=238904Kb
 bounds [0x0000000002e80000, 0x0000000003540000, 0x0000000011e80000]
 total_blobs=1916 nmethods=1646 adapters=182
 compilation: disabled (not enough contiguous free space left)

Compilation events (10 events):
Event: 3.600 Thread 0x0000000017d37800 nmethod 1650 0x0000000003525c50 code [0x0000000003525e00, 0x0000000003526668]
Event: 3.600 Thread 0x0000000017d37800 1651       3       com.android.dx.cf.iface.StdMember::getName (8 bytes)
Event: 3.600 Thread 0x0000000017d37800 nmethod 1651 0x0000000003526990 code [0x0000000003526ae0, 0x0000000003526cd0]
Event: 3.600 Thread 0x0000000017d37800 1653       3       java.util.EnumSet::noneOf (63 bytes)
Event: 3.601 Thread 0x0000000017d37800 nmethod 1653 0x0000000003526d90 code [0x0000000003527020, 0x0000000003528068]
Event: 3.619 Thread 0x0000000017d37800 1654       3       com.android.dx.cf.code.Ropper::<init> (213 bytes)
Event: 3.622 Thread 0x0000000017d37800 nmethod 1654 0x00000000035307d0 code [0x0000000003530ae0, 0x0000000003532578]
Event: 3.622 Thread 0x0000000017ccd800 nmethod 1547 0x00000000035333d0 code [0x0000000003533960, 0x0000000003538a70]
Event: 3.623 Thread 0x0000000017ccd800 1608       4       com.android.dx.ssa.SsaBasicBlock::newFromRop (183 bytes)
Event: 3.656 Thread 0x0000000017d37800 1655   !   3       com.android.dx.cf.direct.MemberListParser::parse (641 bytes)

GC Heap History (4 events):
Event: 2.034 GC heap before
{Heap before GC invocations=1 (full 0):
 PSYoungGen      total 38400K, used 33280K [0x00000000eab00000, 0x00000000ed580000, 0x0000000100000000)
  eden space 33280K, 100% used [0x00000000eab00000,0x00000000ecb80000,0x00000000ecb80000)
  from space 5120K, 0% used [0x00000000ed080000,0x00000000ed080000,0x00000000ed580000)
  to   space 5120K, 0% used [0x00000000ecb80000,0x00000000ecb80000,0x00000000ed080000)
 ParOldGen       total 87552K, used 0K [0x00000000c0000000, 0x00000000c5580000, 0x00000000eab00000)
  object space 87552K, 0% used [0x00000000c0000000,0x00000000c0000000,0x00000000c5580000)
 Metaspace       used 5953K, capacity 6896K, committed 7040K, reserved 1056768K
  class space    used 595K, capacity 616K, committed 640K, reserved 1048576K
Event: 2.057 GC heap after
Heap after GC invocations=1 (full 0):
 PSYoungGen      total 38400K, used 5103K [0x00000000eab00000, 0x00000000ef600000, 0x0000000100000000)
  eden space 33280K, 0% used [0x00000000eab00000,0x00000000eab00000,0x00000000ecb80000)
  from space 5120K, 99% used [0x00000000ecb80000,0x00000000ed07bd90,0x00000000ed080000)
  to   space 5120K, 0% used [0x00000000ef100000,0x00000000ef100000,0x00000000ef600000)
 ParOldGen       total 87552K, used 663K [0x00000000c0000000, 0x00000000c5580000, 0x00000000eab00000)
  object space 87552K, 0% used [0x00000000c0000000,0x00000000c00a5eb8,0x00000000c5580000)
 Metaspace       used 5953K, capacity 6896K, committed 7040K, reserved 1056768K
  class space    used 595K, capacity 616K, committed 640K, reserved 1048576K
}
Event: 3.326 GC heap before
{Heap before GC invocations=2 (full 0):
 PSYoungGen      total 38400K, used 38383K [0x00000000eab00000, 0x00000000ef600000, 0x0000000100000000)
  eden space 33280K, 100% used [0x00000000eab00000,0x00000000ecb80000,0x00000000ecb80000)
  from space 5120K, 99% used [0x00000000ecb80000,0x00000000ed07bd90,0x00000000ed080000)
  to   space 5120K, 0% used [0x00000000ef100000,0x00000000ef100000,0x00000000ef600000)
 ParOldGen       total 87552K, used 663K [0x00000000c0000000, 0x00000000c5580000, 0x00000000eab00000)
  object space 87552K, 0% used [0x00000000c0000000,0x00000000c00a5eb8,0x00000000c5580000)
 Metaspace       used 6222K, capacity 7088K, committed 7296K, reserved 1056768K
  class space    used 602K, capacity 616K, committed 640K, reserved 1048576K
Event: 3.544 GC heap after
Heap after GC invocations=2 (full 0):
 PSYoungGen      total 71680K, used 5088K [0x00000000eab00000, 0x00000000ef600000, 0x0000000100000000)
  eden space 66560K, 0% used [0x00000000eab00000,0x00000000eab00000,0x00000000eec00000)
  from space 5120K, 99% used [0x00000000ef100000,0x00000000ef5f8028,0x00000000ef600000)
  to   space 5120K, 0% used [0x00000000eec00000,0x00000000eec00000,0x00000000ef100000)
 ParOldGen       total 87552K, used 4585K [0x00000000c0000000, 0x00000000c5580000, 0x00000000eab00000)
  object space 87552K, 5% used [0x00000000c0000000,0x00000000c047a408,0x00000000c5580000)
 Metaspace       used 6222K, capacity 7088K, committed 7296K, reserved 1056768K
  class space    used 602K, capacity 616K, committed 640K, reserved 1048576K
}

Deoptimization events (10 events):
Event: 1.791 Thread 0x0000000017f88000 Uncommon trap: reason=unstable_if action=reinterpret pc=0x00000000031f59dc method=com.android.dx.rop.cst.Constant.compareTo(Lcom/android/dx/rop/cst/Constant;)I @ 12
Event: 3.033 Thread 0x0000000017f88000 Uncommon trap: reason=class_check action=maybe_recompile pc=0x000000000341bf04 method=com.android.dx.cf.code.BytecodeArray.parseInstruction(ILcom/android/dx/cf/code/BytecodeArray$Visitor;)I @ 2253
Event: 3.033 Thread 0x0000000017f88000 Uncommon trap: reason=class_check action=maybe_recompile pc=0x000000000341b6f8 method=com.android.dx.cf.code.BytecodeArray.parseInstruction(ILcom/android/dx/cf/code/BytecodeArray$Visitor;)I @ 2167
Event: 3.033 Thread 0x0000000017f88000 Uncommon trap: reason=class_check action=maybe_recompile pc=0x000000000341bf04 method=com.android.dx.cf.code.BytecodeArray.parseInstruction(ILcom/android/dx/cf/code/BytecodeArray$Visitor;)I @ 2253
Event: 3.033 Thread 0x0000000017f88000 Uncommon trap: reason=class_check action=maybe_recompile pc=0x000000000341b6f8 method=com.android.dx.cf.code.BytecodeArray.parseInstruction(ILcom/android/dx/cf/code/BytecodeArray$Visitor;)I @ 2167
Event: 3.038 Thread 0x0000000017f88000 Uncommon trap: reason=unstable_if action=reinterpret pc=0x000000000338f64c method=com.android.dx.ssa.SCCP.simulateStmt(Lcom/android/dx/ssa/SsaInsn;)V @ 53
Event: 3.590 Thread 0x0000000018008800 Uncommon trap: reason=bimorphic action=maybe_recompile pc=0x0000000003450ae8 method=com.android.dx.ssa.SCCP.simulatePhi(Lcom/android/dx/ssa/PhiInsn;)V @ 124
Event: 3.665 Thread 0x0000000017f88000 Uncommon trap: reason=bimorphic action=maybe_recompile pc=0x0000000003537914 method=com.android.dx.cf.code.RopperMachine.run(Lcom/android/dx/cf/code/Frame;II)V @ 978
Event: 3.673 Thread 0x0000000002d81000 Uncommon trap: reason=unstable_if action=reinterpret pc=0x00000000033c54b8 method=com.android.dx.rop.cst.StdConstantPool.set(ILcom/android/dx/rop/cst/Constant;)V @ 12
Event: 3.674 Thread 0x0000000018008800 Uncommon trap: reason=null_assert action=make_not_entrant pc=0x0000000003536998 method=com.android.dx.cf.code.RopperMachine.run(Lcom/android/dx/cf/code/Frame;II)V @ 1112

Internal exceptions (2 events):
Event: 0.043 Thread 0x0000000002d81000 Exception <a 'java/lang/NoSuchMethodError': Method sun.misc.Unsafe.defineClass(Ljava/lang/String;[BII)Ljava/lang/Class; name or signature does not match> (0x00000000eab0d658) thrown at [D:\re\puppet\workspace\8-2-build-windows-amd64-cygwin\jdk8u73\6086\hotá€+¥Çð¥?
Event: 0.043 Thread 0x0000000002d81000 Exception <a 'java/lang/NoSuchMethodError': Method sun.misc.Unsafe.prefetchRead(Ljava/lang/Object;J)V name or signature does not match> (0x00000000eab0d940) thrown at [D:\re\puppet\workspace\8-2-build-windows-amd64-cygwin\jdk8u73\6086\hotspot\src\share\vm\

Events (10 events):
Event: 3.665 Thread 0x0000000017f88000 DEOPT PACKING pc=0x0000000003537914 sp=0x000000001949e530
Event: 3.673 Thread 0x0000000002d81000 Uncommon trap: trap_request=0xffffff65 fr.pc=0x00000000033c54b8
Event: 3.673 Thread 0x0000000002d81000 DEOPT PACKING pc=0x00000000033c54b8 sp=0x00000000029feac0
Event: 3.674 Thread 0x0000000018008800 Uncommon trap: trap_request=0xffffffec fr.pc=0x0000000003536998
Event: 3.674 Thread 0x0000000018008800 DEOPT PACKING pc=0x0000000003536998 sp=0x000000001919ea90
Event: 4.659 Thread 0x0000000018008800 DEOPT UNPACKING pc=0x0000000002ec582a sp=0x000000001919ea78 mode 2
Event: 4.659 Thread 0x0000000017f88000 DEOPT UNPACKING pc=0x0000000002ec582a sp=0x000000001949e4f8 mode 2
Event: 4.659 Thread 0x0000000002d81000 DEOPT UNPACKING pc=0x0000000002ec582a sp=0x00000000029fea00 mode 2
Event: 4.661 Executing VM operation: EnableBiasedLocking
Event: 4.661 Executing VM operation: EnableBiasedLocking done


Dynamic libraries:
0x000007f678410000 - 0x000007f678447000 	C:\Program Files\Java\jdk1.8.0_73\bin\java.exe
0x000007fa86560000 - 0x000007fa8671e000 	C:\Windows\SYSTEM32\ntdll.dll
0x000007fa840a0000 - 0x000007fa841d6000 	C:\Windows\system32\KERNEL32.DLL
0x000007fa83770000 - 0x000007fa83864000 	C:\Windows\system32\KERNELBASE.dll
0x000007fa83e20000 - 0x000007fa83efe000 	C:\Windows\system32\ADVAPI32.dll
0x000007fa844e0000 - 0x000007fa8462c000 	C:\Windows\system32\USER32.dll
0x000007fa80f30000 - 0x000007fa8119a000 	C:\Windows\WinSxS\amd64_microsoft.windows.common-controls_6595b64144ccf1df_6.0.9200.17359_none_4188b989718cf1c6\COMCTL32.dll
0x000007fa83d70000 - 0x000007fa83e15000 	C:\Windows\system32\msvcrt.dll
0x000007fa84020000 - 0x000007fa84068000 	C:\Windows\SYSTEM32\sechost.dll
0x000007fa841e0000 - 0x000007fa84320000 	C:\Windows\system32\RPCRT4.dll
0x000007fa83ac0000 - 0x000007fa83c01000 	C:\Windows\system32\GDI32.dll
0x000007fa85e80000 - 0x000007fa85eb9000 	C:\Windows\system32\IMM32.DLL
0x000007fa83f00000 - 0x000007fa84015000 	C:\Windows\system32\MSCTF.dll
0x0000000050ad0000 - 0x0000000050ba2000 	C:\Program Files\Java\jdk1.8.0_73\jre\bin\msvcr100.dll
0x0000000075e50000 - 0x00000000766e0000 	C:\Program Files\Java\jdk1.8.0_73\jre\bin\server\jvm.dll
0x000007fa7d150000 - 0x000007fa7d159000 	C:\Windows\SYSTEM32\WSOCK32.dll
0x000007fa80910000 - 0x000007fa80930000 	C:\Windows\SYSTEM32\WINMM.dll
0x000007fa7d130000 - 0x000007fa7d139000 	C:\Windows\SYSTEM32\VERSION.dll
0x000007fa83d50000 - 0x000007fa83d57000 	C:\Windows\system32\PSAPI.DLL
0x000007fa84840000 - 0x000007fa84898000 	C:\Windows\system32\WS2_32.dll
0x000007fa80990000 - 0x000007fa809c2000 	C:\Windows\SYSTEM32\WINMMBASE.dll
0x000007fa85e70000 - 0x000007fa85e79000 	C:\Windows\system32\NSI.dll
0x0000000050f70000 - 0x0000000050f7f000 	C:\Program Files\Java\jdk1.8.0_73\jre\bin\verify.dll
0x0000000050f40000 - 0x0000000050f69000 	C:\Program Files\Java\jdk1.8.0_73\jre\bin\java.dll
0x0000000050f20000 - 0x0000000050f36000 	C:\Program Files\Java\jdk1.8.0_73\jre\bin\zip.dll
0x000007fa84b80000 - 0x000007fa85e65000 	C:\Windows\system32\SHELL32.dll
0x000007fa84690000 - 0x000007fa84840000 	C:\Windows\SYSTEM32\combase.dll
0x000007fa84320000 - 0x000007fa84370000 	C:\Windows\system32\SHLWAPI.dll
0x000007fa81ad0000 - 0x000007fa81b66000 	C:\Windows\SYSTEM32\SHCORE.dll
0x000007fa83470000 - 0x000007fa83485000 	C:\Windows\system32\profapi.dll

VM Arguments:
jvm_args: -Djava.awt.headless=true -Xmx1024M -Dfile.encoding=windows-1252 -Duser.country=BR -Duser.language=pt -Duser.variant 
java_command: com.android.dx.command.Main --dex --num-threads=4 --output C:\Users\HP PAVILION\AndroidStudioProjects\DENGUE2\app\build\intermediates\pre-dexed\debug\internal_impl-23.2.1_93de1edace49bcf06a5c8619e48b5fca668c363b.jar C:\Users\HP PAVILION\AndroidStudioProjects\DENGUE2\app\build\intermediates\exploded-aar\com.android.support\support-v4\23.2.1\jars\libs\internal_impl-23.2.1.jar
java_class_path (initial): C:\Android\sdk2\build-tools\23.0.2\lib\dx.jar
Launcher Type: SUN_STANDARD

Environment Variables:
PATH=C:\ProgramData\Oracle\Java\javapath;C:\Program Files (x86)\Intel\iCLS Client\;C:\Program Files\Intel\iCLS Client\;C:\Windows\system32;C:\Windows;C:\Windows\System32\Wbem;C:\Windows\System32\WindowsPowerShell\v1.0\;C:\Program Files\Intel\Intel(R) Management Engine Components\DAL;C:\Program Files\Intel\Intel(R) Management Engine Components\IPT;C:\Program Files (x86)\Intel\Intel(R) Management Engine Components\DAL;C:\Program Files (x86)\Intel\Intel(R) Management Engine Components\IPT;C:\Program Files (x86)\Intel\OpenCL SDK\2.0\bin\x86;C:\Program Files (x86)\Intel\OpenCL SDK\2.0\bin\x64;C:\Program Files (x86)\Skype\Phone\
USERNAME=HP PAVILION
OS=Windows_NT
PROCESSOR_IDENTIFIER=Intel64 Family 6 Model 58 Stepping 9, GenuineIntel



---------------  S Y S T E M  ---------------

OS: Windows 8 , 64 bit Build 9200 (6.2.9200.16627)

CPU:total 8 (4 cores per cpu, 2 threads per core) family 6 model 58 stepping 9, cmov, cx8, fxsr, mmx, sse, sse2, sse3, ssse3, sse4.1, sse4.2, popcnt, avx, aes, clmul, erms, ht, tsc, tscinvbit, tscinv

Memory: 4k page, physical 8285496k(1356400k free), swap 11570128k(831740k free)

vm_info: Java HotSpot(TM) 64-Bit Server VM (25.73-b02) for windows-amd64 JRE (1.8.0_73-b02), built on Jan 29 2016 17:38:49 by "java_re" with MS VC++ 10.0 (VS2010)

time: Wed Mar 30 15:08:07 2016
elapsed time: 6 seconds (0d 0h 0m 6s)

